2025-05-23 13:35:42,046 [NT 'Zerodha'] INFO  QANinjaAdapter.Logger - QAAdapter: Initializing and connecting adapter...
2025-05-23 13:35:42,093 [NT 'Zerodha'] INFO  QANinjaAdapter.Logger - QANinjaAdapter v2.0.1 initializing...
2025-05-23 13:35:42,827 [NT 'Zerodha'] INFO  QANinjaAdapter.Logger - InstrumentManager: Loaded 166 instrument mappings and 83 token-to-data mappings from C:\Users\Administrator\Documents\NinjaTrader 8\QAAdapter\mapped_instruments.json
2025-05-23 13:35:42,905 [NT 'Zerodha'] INFO  QANinjaAdapter.Logger - Loading configuration for websocket broker: Zerodha.
2025-05-23 13:35:42,905 [NT 'Zerodha'] INFO  QANinjaAdapter.Logger - Broker API credentials have been processed.
2025-05-23 13:35:42,983 [NT 'Zerodha'] INFO  QANinjaAdapter.Logger - Zerodha API connection response: OK - OK
2025-05-23 13:35:42,983 [NT 'Zerodha'] INFO  QANinjaAdapter.Logger - QAAdapter: Connection to provider (Zerodha) successful.
2025-05-23 13:35:43,218 [13] INFO  QANinjaAdapter.Logger - Reading symbols from JSON file: C:\Users\Administrator\Documents\NinjaTrader 8\QAAdapter\mapped_instruments.json
2025-05-23 13:35:43,421 [13] INFO  QANinjaAdapter.Logger - Successfully read JSON file
2025-05-23 13:35:43,436 [13] INFO  QANinjaAdapter.Logger - Successfully loaded 83 symbols from JSON file
2025-05-23 13:35:43,468 [NT 'Zerodha'] INFO  QANinjaAdapter.Logger - Using default trading hours
2025-05-23 13:35:43,468 [NT 'Zerodha'] INFO  QANinjaAdapter.Logger - Using default trading hours
2025-05-23 13:35:43,468 [NT 'Zerodha'] INFO  QANinjaAdapter.Logger - Using default trading hours
2025-05-23 13:35:43,468 [NT 'Zerodha'] INFO  QANinjaAdapter.Logger - Using default trading hours
2025-05-23 13:35:43,468 [NT 'Zerodha'] INFO  QANinjaAdapter.Logger - Using default trading hours
2025-05-23 13:35:43,468 [NT 'Zerodha'] INFO  QANinjaAdapter.Logger - Using default trading hours
2025-05-23 13:35:43,468 [NT 'Zerodha'] INFO  QANinjaAdapter.Logger - Using default trading hours
2025-05-23 13:35:43,499 [NT 'Zerodha'] INFO  QANinjaAdapter.Logger - Using default trading hours
2025-05-23 13:35:43,499 [NT 'Zerodha'] INFO  QANinjaAdapter.Logger - Using default trading hours
2025-05-23 13:35:43,499 [NT 'Zerodha'] INFO  QANinjaAdapter.Logger - Using default trading hours
2025-05-23 13:35:43,499 [NT 'Zerodha'] INFO  QANinjaAdapter.Logger - Using default trading hours
2025-05-23 13:35:43,499 [NT 'Zerodha'] INFO  QANinjaAdapter.Logger - Using default trading hours
2025-05-23 13:35:43,499 [NT 'Zerodha'] INFO  QANinjaAdapter.Logger - Using default trading hours
2025-05-23 13:35:43,499 [NT 'Zerodha'] INFO  QANinjaAdapter.Logger - Using default trading hours
2025-05-23 13:35:43,499 [NT 'Zerodha'] INFO  QANinjaAdapter.Logger - Using default trading hours
2025-05-23 13:35:43,499 [NT 'Zerodha'] INFO  QANinjaAdapter.Logger - Using default trading hours
2025-05-23 13:35:43,499 [NT 'Zerodha'] INFO  QANinjaAdapter.Logger - Using default trading hours
2025-05-23 13:35:43,499 [NT 'Zerodha'] INFO  QANinjaAdapter.Logger - Using default trading hours
2025-05-23 13:35:43,499 [NT 'Zerodha'] INFO  QANinjaAdapter.Logger - Using default trading hours
2025-05-23 13:35:43,499 [NT 'Zerodha'] INFO  QANinjaAdapter.Logger - Using default trading hours
2025-05-23 13:35:43,499 [NT 'Zerodha'] INFO  QANinjaAdapter.Logger - Using default trading hours
2025-05-23 13:35:43,499 [NT 'Zerodha'] INFO  QANinjaAdapter.Logger - Using default trading hours
2025-05-23 13:35:43,499 [NT 'Zerodha'] INFO  QANinjaAdapter.Logger - Using default trading hours
2025-05-23 13:35:43,499 [NT 'Zerodha'] INFO  QANinjaAdapter.Logger - Using default trading hours
2025-05-23 13:35:43,514 [NT 'Zerodha'] INFO  QANinjaAdapter.Logger - Using default trading hours
2025-05-23 13:35:43,514 [NT 'Zerodha'] INFO  QANinjaAdapter.Logger - Using default trading hours
2025-05-23 13:35:43,514 [NT 'Zerodha'] INFO  QANinjaAdapter.Logger - Using default trading hours
2025-05-23 13:35:43,514 [NT 'Zerodha'] INFO  QANinjaAdapter.Logger - Using default trading hours
2025-05-23 13:35:43,514 [NT 'Zerodha'] INFO  QANinjaAdapter.Logger - Using default trading hours
2025-05-23 13:35:43,514 [NT 'Zerodha'] INFO  QANinjaAdapter.Logger - Using default trading hours
2025-05-23 13:35:43,514 [NT 'Zerodha'] INFO  QANinjaAdapter.Logger - Using default trading hours
2025-05-23 13:35:43,514 [NT 'Zerodha'] INFO  QANinjaAdapter.Logger - Using default trading hours
2025-05-23 13:35:43,514 [NT 'Zerodha'] INFO  QANinjaAdapter.Logger - Using default trading hours
2025-05-23 13:35:43,514 [NT 'Zerodha'] INFO  QANinjaAdapter.Logger - Using default trading hours
2025-05-23 13:35:43,514 [NT 'Zerodha'] INFO  QANinjaAdapter.Logger - Using default trading hours
2025-05-23 13:35:43,530 [NT 'Zerodha'] INFO  QANinjaAdapter.Logger - Using default trading hours
2025-05-23 13:35:43,530 [NT 'Zerodha'] INFO  QANinjaAdapter.Logger - Using default trading hours
2025-05-23 13:35:43,530 [NT 'Zerodha'] INFO  QANinjaAdapter.Logger - Using default trading hours
2025-05-23 13:35:43,530 [NT 'Zerodha'] INFO  QANinjaAdapter.Logger - Using default trading hours
2025-05-23 13:35:43,530 [NT 'Zerodha'] INFO  QANinjaAdapter.Logger - Using default trading hours
2025-05-23 13:35:43,530 [NT 'Zerodha'] INFO  QANinjaAdapter.Logger - Using default trading hours
2025-05-23 13:35:43,530 [NT 'Zerodha'] INFO  QANinjaAdapter.Logger - Using default trading hours
2025-05-23 13:35:43,530 [NT 'Zerodha'] INFO  QANinjaAdapter.Logger - Using default trading hours
2025-05-23 13:35:43,561 [NT 'Zerodha'] INFO  QANinjaAdapter.Logger - Using default trading hours
2025-05-23 13:35:43,561 [NT 'Zerodha'] INFO  QANinjaAdapter.Logger - Using default trading hours
2025-05-23 13:35:43,561 [NT 'Zerodha'] INFO  QANinjaAdapter.Logger - Using default trading hours
2025-05-23 13:35:43,561 [NT 'Zerodha'] INFO  QANinjaAdapter.Logger - Using default trading hours
2025-05-23 13:35:43,561 [NT 'Zerodha'] INFO  QANinjaAdapter.Logger - Using default trading hours
2025-05-23 13:35:43,577 [NT 'Zerodha'] INFO  QANinjaAdapter.Logger - Using default trading hours
2025-05-23 13:35:43,577 [NT 'Zerodha'] INFO  QANinjaAdapter.Logger - Using default trading hours
2025-05-23 13:35:43,577 [NT 'Zerodha'] INFO  QANinjaAdapter.Logger - Using default trading hours
2025-05-23 13:35:43,577 [NT 'Zerodha'] INFO  QANinjaAdapter.Logger - Using default trading hours
2025-05-23 13:35:43,577 [NT 'Zerodha'] INFO  QANinjaAdapter.Logger - Using default trading hours
2025-05-23 13:35:43,577 [NT 'Zerodha'] INFO  QANinjaAdapter.Logger - Using default trading hours
2025-05-23 13:35:43,577 [NT 'Zerodha'] INFO  QANinjaAdapter.Logger - Using default trading hours
2025-05-23 13:35:43,577 [NT 'Zerodha'] INFO  QANinjaAdapter.Logger - Using default trading hours
2025-05-23 13:35:43,577 [NT 'Zerodha'] INFO  QANinjaAdapter.Logger - Using default trading hours
2025-05-23 13:35:43,577 [NT 'Zerodha'] INFO  QANinjaAdapter.Logger - Using default trading hours
2025-05-23 13:35:43,592 [NT 'Zerodha'] INFO  QANinjaAdapter.Logger - Using default trading hours
2025-05-23 13:35:43,592 [NT 'Zerodha'] INFO  QANinjaAdapter.Logger - Using default trading hours
2025-05-23 13:35:43,592 [NT 'Zerodha'] INFO  QANinjaAdapter.Logger - Using default trading hours
2025-05-23 13:35:43,592 [NT 'Zerodha'] INFO  QANinjaAdapter.Logger - Using default trading hours
2025-05-23 13:35:43,592 [NT 'Zerodha'] INFO  QANinjaAdapter.Logger - Using default trading hours
2025-05-23 13:35:43,592 [NT 'Zerodha'] INFO  QANinjaAdapter.Logger - Using default trading hours
2025-05-23 13:35:43,592 [NT 'Zerodha'] INFO  QANinjaAdapter.Logger - Using default trading hours
2025-05-23 13:35:43,592 [NT 'Zerodha'] INFO  QANinjaAdapter.Logger - Using default trading hours
2025-05-23 13:35:43,592 [NT 'Zerodha'] INFO  QANinjaAdapter.Logger - Using default trading hours
2025-05-23 13:35:43,592 [NT 'Zerodha'] INFO  QANinjaAdapter.Logger - Using default trading hours
2025-05-23 13:35:43,592 [NT 'Zerodha'] INFO  QANinjaAdapter.Logger - Using default trading hours
2025-05-23 13:35:43,592 [NT 'Zerodha'] INFO  QANinjaAdapter.Logger - Using default trading hours
2025-05-23 13:35:43,592 [NT 'Zerodha'] INFO  QANinjaAdapter.Logger - Using default trading hours
2025-05-23 13:35:43,639 [NT 'Zerodha'] INFO  QANinjaAdapter.Logger - Using default trading hours
2025-05-23 13:35:43,639 [NT 'Zerodha'] INFO  QANinjaAdapter.Logger - Using default trading hours
2025-05-23 13:35:43,639 [NT 'Zerodha'] INFO  QANinjaAdapter.Logger - Using default trading hours
2025-05-23 13:35:43,639 [NT 'Zerodha'] INFO  QANinjaAdapter.Logger - Using default trading hours
2025-05-23 13:35:43,639 [NT 'Zerodha'] INFO  QANinjaAdapter.Logger - Using default trading hours
2025-05-23 13:35:43,639 [NT 'Zerodha'] INFO  QANinjaAdapter.Logger - Using default trading hours
2025-05-23 13:35:43,639 [NT 'Zerodha'] INFO  QANinjaAdapter.Logger - Using default trading hours
2025-05-23 13:35:43,639 [NT 'Zerodha'] INFO  QANinjaAdapter.Logger - Using default trading hours
2025-05-23 13:35:43,639 [NT 'Zerodha'] INFO  QANinjaAdapter.Logger - Using default trading hours
2025-05-23 13:35:43,639 [NT 'Zerodha'] INFO  QANinjaAdapter.Logger - Using default trading hours
2025-05-23 13:35:43,639 [NT 'Zerodha'] INFO  QANinjaAdapter.Logger - Using default trading hours
2025-05-23 13:35:43,639 [NT 'Zerodha'] INFO  QANinjaAdapter.Logger - Using default trading hours
2025-05-23 13:35:43,639 [NT 'Zerodha'] INFO  QANinjaAdapter.Logger - ? Total symbols created: 0
2025-05-23 13:35:43,796 [NT 'Zerodha'] INFO  QANinjaAdapter.Logger - Loaded straddle: NIFTY25052924000STRDL (CE: NIFTY25052924000CE, PE: NIFTY25052924000PE)
2025-05-23 13:35:43,796 [NT 'Zerodha'] INFO  QANinjaAdapter.Logger - Loaded straddle: NIFTY25052924500STRDL (CE: NIFTY25052924500CE, PE: NIFTY25052924500PE)
2025-05-23 13:35:43,796 [NT 'Zerodha'] INFO  QANinjaAdapter.Logger - Loaded straddle: NIFTY25052925400STRDL (CE: NIFTY25052925400CE, PE: NIFTY25052925400PE)
2025-05-23 13:35:43,796 [NT 'Zerodha'] INFO  QANinjaAdapter.Logger - Loaded straddle: NIFTY25052924750STRDL (CE: NIFTY25052924750CE, PE: NIFTY25052924750PE)
2025-05-23 13:35:43,796 [NT 'Zerodha'] INFO  QANinjaAdapter.Logger - Loaded straddle: NIFTY25052923850STRDL (CE: NIFTY25052923850CE, PE: NIFTY25052923850PE)
2025-05-23 13:35:43,796 [NT 'Zerodha'] INFO  QANinjaAdapter.Logger - Loaded straddle: NIFTY25052925650STRDL (CE: NIFTY25052925650CE, PE: NIFTY25052925650PE)
2025-05-23 13:35:43,796 [NT 'Zerodha'] INFO  QANinjaAdapter.Logger - Loaded straddle: NIFTY25052925000STRDL (CE: NIFTY25052925000CE, PE: NIFTY25052925000PE)
2025-05-23 13:35:43,796 [NT 'Zerodha'] INFO  QANinjaAdapter.Logger - Loaded straddle: NIFTY25052924100STRDL (CE: NIFTY25052924100CE, PE: NIFTY25052924100PE)
2025-05-23 13:35:43,796 [NT 'Zerodha'] INFO  QANinjaAdapter.Logger - Loaded straddle: NIFTY25052925250STRDL (CE: NIFTY25052925250CE, PE: NIFTY25052925250PE)
2025-05-23 13:35:43,796 [NT 'Zerodha'] INFO  QANinjaAdapter.Logger - Loaded straddle: NIFTY25052924350STRDL (CE: NIFTY25052924350CE, PE: NIFTY25052924350PE)
2025-05-23 13:35:43,796 [NT 'Zerodha'] INFO  QANinjaAdapter.Logger - Loaded straddle: NIFTY25052924250STRDL (CE: NIFTY25052924250CE, PE: NIFTY25052924250PE)
2025-05-23 13:35:43,796 [NT 'Zerodha'] INFO  QANinjaAdapter.Logger - Loaded straddle: NIFTY25052923700STRDL (CE: NIFTY25052923700CE, PE: NIFTY25052923700PE)
2025-05-23 13:35:43,811 [NT 'Zerodha'] INFO  QANinjaAdapter.Logger - Loaded straddle: NIFTY25052924600STRDL (CE: NIFTY25052924600CE, PE: NIFTY25052924600PE)
2025-05-23 13:35:43,811 [NT 'Zerodha'] INFO  QANinjaAdapter.Logger - Loaded straddle: NIFTY25052925500STRDL (CE: NIFTY25052925500CE, PE: NIFTY25052925500PE)
2025-05-23 13:35:43,811 [NT 'Zerodha'] INFO  QANinjaAdapter.Logger - Loaded straddle: NIFTY25052923950STRDL (CE: NIFTY25052923950CE, PE: NIFTY25052923950PE)
2025-05-23 13:35:43,811 [NT 'Zerodha'] INFO  QANinjaAdapter.Logger - Loaded straddle: NIFTY25052924850STRDL (CE: NIFTY25052924850CE, PE: NIFTY25052924850PE)
2025-05-23 13:35:43,811 [NT 'Zerodha'] INFO  QANinjaAdapter.Logger - Loaded straddle: NIFTY25052924200STRDL (CE: NIFTY25052924200CE, PE: NIFTY25052924200PE)
2025-05-23 13:35:43,811 [NT 'Zerodha'] INFO  QANinjaAdapter.Logger - Loaded straddle: NIFTY25052925100STRDL (CE: NIFTY25052925100CE, PE: NIFTY25052925100PE)
2025-05-23 13:35:43,811 [NT 'Zerodha'] INFO  QANinjaAdapter.Logger - Loaded straddle: NIFTY25052924450STRDL (CE: NIFTY25052924450CE, PE: NIFTY25052924450PE)
2025-05-23 13:35:43,811 [NT 'Zerodha'] INFO  QANinjaAdapter.Logger - Loaded straddle: NIFTY25052925350STRDL (CE: NIFTY25052925350CE, PE: NIFTY25052925350PE)
2025-05-23 13:35:43,811 [NT 'Zerodha'] INFO  QANinjaAdapter.Logger - Loaded straddle: NIFTY25052923800STRDL (CE: NIFTY25052923800CE, PE: NIFTY25052923800PE)
2025-05-23 13:35:43,811 [NT 'Zerodha'] INFO  QANinjaAdapter.Logger - Loaded straddle: NIFTY25052924700STRDL (CE: NIFTY25052924700CE, PE: NIFTY25052924700PE)
2025-05-23 13:35:43,811 [NT 'Zerodha'] INFO  QANinjaAdapter.Logger - Loaded straddle: NIFTY25052925600STRDL (CE: NIFTY25052925600CE, PE: NIFTY25052925600PE)
2025-05-23 13:35:43,811 [NT 'Zerodha'] INFO  QANinjaAdapter.Logger - Loaded straddle: NIFTY25052924050STRDL (CE: NIFTY25052924050CE, PE: NIFTY25052924050PE)
2025-05-23 13:35:43,811 [NT 'Zerodha'] INFO  QANinjaAdapter.Logger - Loaded straddle: NIFTY25052924950STRDL (CE: NIFTY25052924950CE, PE: NIFTY25052924950PE)
2025-05-23 13:35:43,811 [NT 'Zerodha'] INFO  QANinjaAdapter.Logger - Loaded straddle: NIFTY25052924300STRDL (CE: NIFTY25052924300CE, PE: NIFTY25052924300PE)
2025-05-23 13:35:43,811 [NT 'Zerodha'] INFO  QANinjaAdapter.Logger - Loaded straddle: NIFTY25052925200STRDL (CE: NIFTY25052925200CE, PE: NIFTY25052925200PE)
2025-05-23 13:35:43,811 [NT 'Zerodha'] INFO  QANinjaAdapter.Logger - Loaded straddle: NIFTY25052924550STRDL (CE: NIFTY25052924550CE, PE: NIFTY25052924550PE)
2025-05-23 13:35:43,811 [NT 'Zerodha'] INFO  QANinjaAdapter.Logger - Loaded straddle: NIFTY25052923650STRDL (CE: NIFTY25052923650CE, PE: NIFTY25052923650PE)
2025-05-23 13:35:43,811 [NT 'Zerodha'] INFO  QANinjaAdapter.Logger - Loaded straddle: NIFTY25052925450STRDL (CE: NIFTY25052925450CE, PE: NIFTY25052925450PE)
2025-05-23 13:35:43,811 [NT 'Zerodha'] INFO  QANinjaAdapter.Logger - Loaded straddle: NIFTY25052923900STRDL (CE: NIFTY25052923900CE, PE: NIFTY25052923900PE)
2025-05-23 13:35:43,811 [NT 'Zerodha'] INFO  QANinjaAdapter.Logger - Loaded straddle: NIFTY25052924800STRDL (CE: NIFTY25052924800CE, PE: NIFTY25052924800PE)
2025-05-23 13:35:43,811 [NT 'Zerodha'] INFO  QANinjaAdapter.Logger - Loaded straddle: NIFTY25052924150STRDL (CE: NIFTY25052924150CE, PE: NIFTY25052924150PE)
2025-05-23 13:35:43,811 [NT 'Zerodha'] INFO  QANinjaAdapter.Logger - Loaded straddle: NIFTY25052925050STRDL (CE: NIFTY25052925050CE, PE: NIFTY25052925050PE)
2025-05-23 13:35:43,811 [NT 'Zerodha'] INFO  QANinjaAdapter.Logger - Loaded straddle: NIFTY25052924400STRDL (CE: NIFTY25052924400CE, PE: NIFTY25052924400PE)
2025-05-23 13:35:43,811 [NT 'Zerodha'] INFO  QANinjaAdapter.Logger - Loaded straddle: NIFTY25052925300STRDL (CE: NIFTY25052925300CE, PE: NIFTY25052925300PE)
2025-05-23 13:35:43,811 [NT 'Zerodha'] INFO  QANinjaAdapter.Logger - Loaded straddle: NIFTY25052923750STRDL (CE: NIFTY25052923750CE, PE: NIFTY25052923750PE)
2025-05-23 13:35:43,811 [NT 'Zerodha'] INFO  QANinjaAdapter.Logger - Loaded straddle: NIFTY25052924650STRDL (CE: NIFTY25052924650CE, PE: NIFTY25052924650PE)
2025-05-23 13:35:43,827 [NT 'Zerodha'] INFO  QANinjaAdapter.Logger - Loaded straddle: NIFTY25052925550STRDL (CE: NIFTY25052925550CE, PE: NIFTY25052925550PE)
2025-05-23 13:35:43,827 [NT 'Zerodha'] INFO  QANinjaAdapter.Logger - Loaded straddle: NIFTY25052924900STRDL (CE: NIFTY25052924900CE, PE: NIFTY25052924900PE)
2025-05-23 13:35:43,827 [NT 'Zerodha'] INFO  QANinjaAdapter.Logger - Loaded straddle: NIFTY25052925150STRDL (CE: NIFTY25052925150CE, PE: NIFTY25052925150PE)
2025-05-23 13:35:43,827 [NT 'Zerodha'] INFO  QANinjaAdapter.Logger - SyntheticStraddleService initialized and configurations loaded.
2025-05-23 13:35:47,826 [NT 'Zerodha'] INFO  QANinjaAdapter.Logger - Detected synthetic instrument subscription: NIFTY25052924550STRDL. No direct WebSocket subscription needed.
2025-05-23 13:35:47,873 [34] INFO  QANinjaAdapter.Logger - WebSocketManager: Subscribed to token 15791618 in quote mode.
2025-05-23 13:35:47,904 [22] INFO  QANinjaAdapter.Logger - WebSocketManager: Subscribed to token 15791362 in quote mode.
2025-05-23 13:35:47,951 [NT 'Zerodha'] INFO  QANinjaAdapter.Logger - Detected synthetic instrument subscription: NIFTY25052924600STRDL. No direct WebSocket subscription needed.
2025-05-23 13:35:47,967 [NT 'Zerodha'] INFO  QANinjaAdapter.Logger - Detected synthetic instrument subscription: NIFTY25052924650STRDL. No direct WebSocket subscription needed.
2025-05-23 13:35:47,967 [22] INFO  QANinjaAdapter.Logger - WebSocketManager: Subscribed to token 15791874 in quote mode.
2025-05-23 13:35:47,982 [34] INFO  QANinjaAdapter.Logger - WebSocketManager: Subscribed to token 15792130 in quote mode.
2025-05-23 13:35:47,998 [NT 'Zerodha'] INFO  QANinjaAdapter.Logger - Detected synthetic instrument subscription: NIFTY25052924700STRDL. No direct WebSocket subscription needed.
2025-05-23 13:35:48,014 [22] INFO  QANinjaAdapter.Logger - WebSocketManager: Subscribed to token 15792898 in quote mode.
2025-05-23 13:35:48,014 [34] INFO  QANinjaAdapter.Logger - WebSocketManager: Subscribed to token 15793154 in quote mode.
2025-05-23 13:35:48,014 [22] INFO  QANinjaAdapter.Logger - WebSocketManager: Subscribed to token 15793410 in quote mode.
2025-05-23 13:35:48,029 [NT 'Zerodha'] INFO  QANinjaAdapter.Logger - Detected synthetic instrument subscription: NIFTY25052924750STRDL. No direct WebSocket subscription needed.
2025-05-23 13:35:48,061 [22] INFO  QANinjaAdapter.Logger - WebSocketManager: Subscribed to token 15792642 in quote mode.
2025-05-23 13:35:48,061 [22] INFO  QANinjaAdapter.Logger - WebSocketManager: Subscribed to token 15801346 in quote mode.
2025-05-23 13:35:48,061 [NT 'Zerodha'] INFO  QANinjaAdapter.Logger - Detected synthetic instrument subscription: NIFTY25052924800STRDL. No direct WebSocket subscription needed.
2025-05-23 13:35:48,076 [NT 'Zerodha'] INFO  QANinjaAdapter.Logger - Detected synthetic instrument subscription: NIFTY25052924850STRDL. No direct WebSocket subscription needed.
2025-05-23 13:35:48,092 [NT 'Zerodha'] INFO  QANinjaAdapter.Logger - Detected synthetic instrument subscription: NIFTY25052924900STRDL. No direct WebSocket subscription needed.
2025-05-23 13:35:48,092 [34] INFO  QANinjaAdapter.Logger - WebSocketManager: Subscribed to token 15801602 in quote mode.
2025-05-23 13:35:48,108 [22] INFO  QANinjaAdapter.Logger - WebSocketManager: Subscribed to token 15792386 in quote mode.
2025-05-23 13:35:48,123 [NT 'Zerodha'] INFO  QANinjaAdapter.Logger - Detected synthetic instrument subscription: NIFTY25052924950STRDL. No direct WebSocket subscription needed.
2025-05-23 13:35:48,154 [NT 'Zerodha'] INFO  QANinjaAdapter.Logger - Detected synthetic instrument subscription: NIFTY25052925000STRDL. No direct WebSocket subscription needed.
2025-05-23 13:35:48,170 [NT 'Zerodha'] INFO  QANinjaAdapter.Logger - Detected synthetic instrument subscription: NIFTY25052925050STRDL. No direct WebSocket subscription needed.
2025-05-23 13:35:48,186 [NT 'Zerodha'] INFO  QANinjaAdapter.Logger - Detected synthetic instrument subscription: NIFTY25052925100STRDL. No direct WebSocket subscription needed.
2025-05-23 13:35:48,201 [34] INFO  QANinjaAdapter.Logger - WebSocketManager: Subscribed to token 15801858 in quote mode.
2025-05-23 13:35:48,217 [NT 'Zerodha'] INFO  QANinjaAdapter.Logger - Detected synthetic instrument subscription: NIFTY25052925150STRDL. No direct WebSocket subscription needed.
2025-05-23 13:35:48,248 [34] INFO  QANinjaAdapter.Logger - WebSocketManager: Subscribed to token 15802114 in quote mode.
2025-05-23 13:35:48,248 [20] INFO  QANinjaAdapter.Logger - Tick volume logger initialized. Data will be saved to: C:\Users\Administrator\Documents\NinjaTrader 8\QAAdapter\Logs\TickVolume_2025-05-23.csv
2025-05-23 13:35:48,264 [20] INFO  QANinjaAdapter.Logger - WebSocketManager: Subscribed to token 15808258 in quote mode.
2025-05-23 13:35:48,295 [20] INFO  QANinjaAdapter.Logger - WebSocketManager: Subscribed to token 15808002 in quote mode.
2025-05-23 13:35:48,295 [34] INFO  QANinjaAdapter.Logger - WebSocketManager: Subscribed to token 15808514 in quote mode.
2025-05-23 13:35:48,310 [34] INFO  QANinjaAdapter.Logger - WebSocketManager: Subscribed to token 15809026 in quote mode.
2025-05-23 13:35:48,310 [20] INFO  QANinjaAdapter.Logger - WebSocketManager: Subscribed to token 15808770 in quote mode.
2025-05-23 13:35:48,373 [20] INFO  QANinjaAdapter.Logger - WebSocketManager: Subscribed to token 15809282 in quote mode.
2025-05-23 13:35:48,373 [20] INFO  QANinjaAdapter.Logger - WebSocketManager: Subscribed to token 15809794 in quote mode.
2025-05-23 13:35:48,373 [34] INFO  QANinjaAdapter.Logger - WebSocketManager: Subscribed to token 15810306 in quote mode.
2025-05-23 13:35:48,373 [NT 'Zerodha'] INFO  QANinjaAdapter.Logger - Detected synthetic instrument subscription: NIFTY25052925200STRDL. No direct WebSocket subscription needed.
2025-05-23 13:35:48,373 [34] INFO  QANinjaAdapter.Logger - WebSocketManager: Subscribed to token 15809538 in quote mode.
2025-05-23 13:35:48,342 [22] INFO  QANinjaAdapter.Logger - WebSocketManager: Subscribed to token 15810050 in quote mode.
2025-05-23 13:35:48,373 [20] INFO  QANinjaAdapter.Logger - WebSocketManager: Subscribed to token 15810562 in quote mode.
2025-05-23 13:35:48,482 [34] INFO  QANinjaAdapter.Logger - WebSocketManager: Subscribed to token 15810818 in quote mode.
